<?xml version="1.0" encoding="UTF-8"?>
<!-- Generated by org.testng.reporters.JUnitReportReporter -->
<testsuite hostname="Alexeys-MacBook-Pro.local" failures="0" tests="2" name="zu.testselenium.MyTestNGTests" time="0.006" errors="0" timestamp="30 May 2018 10:22:07 GMT" skipped="0">
  <testcase classname="zu.testselenium.MyTestNGTests" name="Test1" time="0.006"/>
  <testcase classname="zu.testselenium.MyTestNGTests" name="Test2" time="0.000"/>
</testsuite> <!-- zu.testselenium.MyTestNGTests -->
