<?xml version="1.0" encoding="UTF-8"?>
<!-- Generated by org.testng.reporters.JUnitReportReporter -->
<testsuite hostname="Alexeys-MacBook-Pro.local" failures="0" tests="2" name="zu.testselenium.MyTestNGTests" time="0.007" errors="0" timestamp="04 Jun 2018 07:52:50 GMT" skipped="0">
  <testcase classname="zu.testselenium.MyTestNGTests" name="Test1" time="0.006"/>
  <testcase classname="zu.testselenium.MyTestNGTests" name="Test2" time="0.001"/>
</testsuite> <!-- zu.testselenium.MyTestNGTests -->
